# Logfile created on 2014-01-15 13:12:51 -0500 by logger.rb/36483
I, [2014-01-15T13:12:51.581140 #9456]  INFO -- : 0:  i18n (0.6.9) from /Users/katedonahue/.rvm/gems/ruby-2.0.0-p247/specifications/i18n-0.6.9.gemspec
I, [2014-01-15T13:12:51.581505 #9456]  INFO -- : 0:  minitest (4.7.5) from /Users/katedonahue/.rvm/gems/ruby-2.0.0-p247/specifications/minitest-4.7.5.gemspec
I, [2014-01-15T13:12:51.581851 #9456]  INFO -- : 0:  multi_json (1.8.4) from /Users/katedonahue/.rvm/gems/ruby-2.0.0-p247/specifications/multi_json-1.8.4.gemspec
I, [2014-01-15T13:12:51.582182 #9456]  INFO -- : 0:  atomic (1.1.14) from /Users/katedonahue/.rvm/gems/ruby-2.0.0-p247/specifications/atomic-1.1.14.gemspec
I, [2014-01-15T13:12:51.582481 #9456]  INFO -- : 0:  thread_safe (0.1.3) from /Users/katedonahue/.rvm/gems/ruby-2.0.0-p247/specifications/thread_safe-0.1.3.gemspec
I, [2014-01-15T13:12:51.582794 #9456]  INFO -- : 0:  tzinfo (0.3.38) from /Users/katedonahue/.rvm/gems/ruby-2.0.0-p247/specifications/tzinfo-0.3.38.gemspec
I, [2014-01-15T13:12:51.583090 #9456]  INFO -- : 0:  activesupport (4.0.2) from /Users/katedonahue/.rvm/gems/ruby-2.0.0-p247/specifications/activesupport-4.0.2.gemspec
I, [2014-01-15T13:12:51.583394 #9456]  INFO -- : 0:  builder (3.1.4) from /Users/katedonahue/.rvm/gems/ruby-2.0.0-p247/specifications/builder-3.1.4.gemspec
I, [2014-01-15T13:12:51.583688 #9456]  INFO -- : 0:  activemodel (4.0.2) from /Users/katedonahue/.rvm/gems/ruby-2.0.0-p247/specifications/activemodel-4.0.2.gemspec
I, [2014-01-15T13:12:51.583991 #9456]  INFO -- : 0:  activerecord-deprecated_finders (1.0.3) from /Users/katedonahue/.rvm/gems/ruby-2.0.0-p247/specifications/activerecord-deprecated_finders-1.0.3.gemspec
I, [2014-01-15T13:12:51.584299 #9456]  INFO -- : 0:  arel (4.0.1) from /Users/katedonahue/.rvm/gems/ruby-2.0.0-p247/specifications/arel-4.0.1.gemspec
I, [2014-01-15T13:12:51.584583 #9456]  INFO -- : 0:  activerecord (4.0.2) from /Users/katedonahue/.rvm/gems/ruby-2.0.0-p247/specifications/activerecord-4.0.2.gemspec
I, [2014-01-15T13:12:51.584891 #9456]  INFO -- : 0:  columnize (0.3.6) from /Users/katedonahue/.rvm/gems/ruby-2.0.0-p247/specifications/columnize-0.3.6.gemspec
I, [2014-01-15T13:12:51.585188 #9456]  INFO -- : 0:  debugger-linecache (1.2.0) from /Users/katedonahue/.rvm/gems/ruby-2.0.0-p247/specifications/debugger-linecache-1.2.0.gemspec
I, [2014-01-15T13:12:51.585473 #9456]  INFO -- : 0:  debugger-ruby_core_source (1.3.1) from /Users/katedonahue/.rvm/gems/ruby-2.0.0-p247/specifications/debugger-ruby_core_source-1.3.1.gemspec
I, [2014-01-15T13:12:51.585770 #9456]  INFO -- : 0:  debugger (1.6.5) from /Users/katedonahue/.rvm/gems/ruby-2.0.0-p247/specifications/debugger-1.6.5.gemspec
I, [2014-01-15T13:12:51.586045 #9456]  INFO -- : 0:  rack (1.5.2) from /Users/katedonahue/.rvm/gems/ruby-2.0.0-p247/specifications/rack-1.5.2.gemspec
I, [2014-01-15T13:12:52.499498 #9456]  INFO -- : 0:  rack-protection (1.5.2) from /Users/katedonahue/.rvm/gems/ruby-2.0.0-p247/specifications/rack-protection-1.5.2.gemspec
I, [2014-01-15T13:12:52.499947 #9456]  INFO -- : 0:  shotgun (0.9) from /Users/katedonahue/.rvm/gems/ruby-2.0.0-p247/specifications/shotgun-0.9.gemspec
I, [2014-01-15T13:12:52.500272 #9456]  INFO -- : 0:  tilt (1.4.1) from /Users/katedonahue/.rvm/gems/ruby-2.0.0-p247/specifications/tilt-1.4.1.gemspec
I, [2014-01-15T13:12:52.500589 #9456]  INFO -- : 0:  sinatra (1.4.4) from /Users/katedonahue/.rvm/gems/ruby-2.0.0-p247/specifications/sinatra-1.4.4.gemspec
I, [2014-01-15T13:12:52.500867 #9456]  INFO -- : 0:  sinatra-activerecord (1.2.3) from /Users/katedonahue/.rvm/gems/ruby-2.0.0-p247/specifications/sinatra-activerecord-1.2.3.gemspec
I, [2014-01-15T13:12:54.055172 #9456]  INFO -- : 0:  sql (0.0.1) from /Users/katedonahue/.rvm/gems/ruby-2.0.0-p247/specifications/sql-0.0.1.gemspec
I, [2014-01-15T13:12:54.055602 #9456]  INFO -- : 0:  bundler (1.5.0) from /Users/katedonahue/.rvm/gems/ruby-2.0.0-p247/specifications/bundler-1.5.0.gemspec
